mode: set
github.com/aethedigm/celeritas/render/render.go:35.111,36.37 1 1
github.com/aethedigm/celeritas/render/render.go:42.2,42.44 1 1
github.com/aethedigm/celeritas/render/render.go:37.12,38.36 1 1
github.com/aethedigm/celeritas/render/render.go:39.13,40.48 1 1
github.com/aethedigm/celeritas/render/render.go:46.102,48.16 2 1
github.com/aethedigm/celeritas/render/render.go:52.2,53.17 2 1
github.com/aethedigm/celeritas/render/render.go:57.2,58.16 2 1
github.com/aethedigm/celeritas/render/render.go:62.2,62.12 1 1
github.com/aethedigm/celeritas/render/render.go:48.16,50.3 1 1
github.com/aethedigm/celeritas/render/render.go:53.17,55.3 1 0
github.com/aethedigm/celeritas/render/render.go:58.16,60.3 1 0
github.com/aethedigm/celeritas/render/render.go:66.122,69.22 2 1
github.com/aethedigm/celeritas/render/render.go:75.2,77.17 2 1
github.com/aethedigm/celeritas/render/render.go:81.2,82.16 2 1
github.com/aethedigm/celeritas/render/render.go:87.2,87.46 1 1
github.com/aethedigm/celeritas/render/render.go:92.2,92.12 1 1
github.com/aethedigm/celeritas/render/render.go:69.22,71.3 1 1
github.com/aethedigm/celeritas/render/render.go:71.8,73.3 1 0
github.com/aethedigm/celeritas/render/render.go:77.17,79.3 1 0
github.com/aethedigm/celeritas/render/render.go:82.16,85.3 2 1
github.com/aethedigm/celeritas/render/render.go:87.46,90.3 2 0
github.com/aethedigm/celeritas/session/session.go:21.53,26.16 3 1
github.com/aethedigm/celeritas/session/session.go:31.2,31.48 1 1
github.com/aethedigm/celeritas/session/session.go:36.2,36.47 1 1
github.com/aethedigm/celeritas/session/session.go:41.2,50.40 8 1
github.com/aethedigm/celeritas/session/session.go:59.2,59.16 1 1
github.com/aethedigm/celeritas/session/session.go:26.16,28.3 1 0
github.com/aethedigm/celeritas/session/session.go:31.48,33.3 1 1
github.com/aethedigm/celeritas/session/session.go:36.47,38.3 1 0
github.com/aethedigm/celeritas/session/session.go:51.15,51.15 0 0
github.com/aethedigm/celeritas/session/session.go:52.26,52.26 0 0
github.com/aethedigm/celeritas/session/session.go:53.32,53.32 0 0
github.com/aethedigm/celeritas/session/session.go:54.10,54.10 0 1
